Using cpu device
Wrapping the env with a `Monitor` wrapper
Wrapping the env in a DummyVecEnv.
---------------------------------
| rollout/           |          |
|    ep_len_mean     | 92.9     |
|    ep_rew_mean     | -201     |
| time/              |          |
|    fps             | 2288     |
|    iterations      | 1        |
|    time_elapsed    | 0        |
|    total_timesteps | 2048     |
---------------------------------
Using cpu device
Wrapping the env with a `Monitor` wrapper
Wrapping the env in a DummyVecEnv.
---------------------------------
| rollout/           |          |
|    ep_len_mean     | 95.3     |
|    ep_rew_mean     | -192     |
| time/              |          |
|    fps             | 2180     |
|    iterations      | 1        |
|    time_elapsed    | 0        |
|    total_timesteps | 2048     |
---------------------------------
-------------------------------------------
| rollout/                |               |
|    ep_len_mean          | 96.1          |
|    ep_rew_mean          | -172          |
| time/                   |               |
|    fps                  | 1636          |
|    iterations           | 2             |
|    time_elapsed         | 2             |
|    total_timesteps      | 4096          |
| train/                  |               |
|    approx_kl            | 5.8000092e-05 |
|    clip_fraction        | 0             |
|    clip_range           | 0.2           |
|    entropy_loss         | -1.39         |
|    explained_variance   | -0.000703     |
|    learning_rate        | 1.83e-05      |
|    loss                 | 735           |
|    n_updates            | 10            |
|    policy_gradient_loss | -0.000417     |
|    value_loss           | 1.64e+03      |
-------------------------------------------
-------------------------------------------
| rollout/                |               |
|    ep_len_mean          | 95.5          |
|    ep_rew_mean          | -182          |
| time/                   |               |
|    fps                  | 1237          |
|    iterations           | 3             |
|    time_elapsed         | 4             |
|    total_timesteps      | 6144          |
| train/                  |               |
|    approx_kl            | 3.2213953e-05 |
|    clip_fraction        | 0             |
|    clip_range           | 0.2           |
|    entropy_loss         | -1.39         |
|    explained_variance   | 0.000524      |
|    learning_rate        | 1.83e-05      |
|    loss                 | 484           |
|    n_updates            | 20            |
|    policy_gradient_loss | -0.000271     |
|    value_loss           | 1.34e+03      |
-------------------------------------------
------------------------------------------
| rollout/                |              |
|    ep_len_mean          | 95.2         |
|    ep_rew_mean          | -179         |
| time/                   |              |
|    fps                  | 1135         |
|    iterations           | 4            |
|    time_elapsed         | 7            |
|    total_timesteps      | 8192         |
| train/                  |              |
|    approx_kl            | 6.176892e-05 |
|    clip_fraction        | 0            |
|    clip_range           | 0.2          |
|    entropy_loss         | -1.39        |
|    explained_variance   | -0.00493     |
|    learning_rate        | 1.83e-05     |
|    loss                 | 1.13e+03     |
|    n_updates            | 30           |
|    policy_gradient_loss | -0.000411    |
|    value_loss           | 1.91e+03     |
------------------------------------------
Using cpu device
Wrapping the env with a `Monitor` wrapper
Wrapping the env in a DummyVecEnv.
---------------------------------
| rollout/           |          |
|    ep_len_mean     | 90.6     |
|    ep_rew_mean     | -187     |
| time/              |          |
|    fps             | 1995     |
|    iterations      | 1        |
|    time_elapsed    | 1        |
|    total_timesteps | 2048     |
---------------------------------
-----------------------------------------
| rollout/                |             |
|    ep_len_mean          | 87.2        |
|    ep_rew_mean          | -173        |
| time/                   |             |
|    fps                  | 1502        |
|    iterations           | 2           |
|    time_elapsed         | 2           |
|    total_timesteps      | 4096        |
| train/                  |             |
|    approx_kl            | 0.007214847 |
|    clip_fraction        | 0.0138      |
|    clip_range           | 0.2         |
|    entropy_loss         | -1.38       |
|    explained_variance   | -0.00469    |
|    learning_rate        | 0.000141    |
|    loss                 | 494         |
|    n_updates            | 10          |
|    policy_gradient_loss | -0.0051     |
|    value_loss           | 1.19e+03    |
-----------------------------------------
-----------------------------------------
| rollout/                |             |
|    ep_len_mean          | 90.1        |
|    ep_rew_mean          | -171        |
| time/                   |             |
|    fps                  | 1323        |
|    iterations           | 3           |
|    time_elapsed         | 4           |
|    total_timesteps      | 6144        |
| train/                  |             |
|    approx_kl            | 0.004373214 |
|    clip_fraction        | 0.00269     |
|    clip_range           | 0.2         |
|    entropy_loss         | -1.38       |
|    explained_variance   | -0.0399     |
|    learning_rate        | 0.000141    |
|    loss                 | 400         |
|    n_updates            | 20          |
|    policy_gradient_loss | -0.00419    |
|    value_loss           | 972         |
-----------------------------------------
---------------------------------------
| rollout/                |           |
|    ep_len_mean          | 92.9      |
|    ep_rew_mean          | -170      |
| time/                   |           |
|    fps                  | 1258      |
|    iterations           | 4         |
|    time_elapsed         | 6         |
|    total_timesteps      | 8192      |
| train/                  |           |
|    approx_kl            | 0.0087946 |
|    clip_fraction        | 0.00791   |
|    clip_range           | 0.2       |
|    entropy_loss         | -1.37     |
|    explained_variance   | -0.0106   |
|    learning_rate        | 0.000141  |
|    loss                 | 343       |
|    n_updates            | 30        |
|    policy_gradient_loss | -0.00696  |
|    value_loss           | 709       |
---------------------------------------
-----------------------------------------
| rollout/                |             |
|    ep_len_mean          | 97.7        |
|    ep_rew_mean          | -167        |
| time/                   |             |
|    fps                  | 1235        |
|    iterations           | 5           |
|    time_elapsed         | 8           |
|    total_timesteps      | 10240       |
| train/                  |             |
|    approx_kl            | 0.006599752 |
|    clip_fraction        | 0.0206      |
|    clip_range           | 0.2         |
|    entropy_loss         | -1.34       |
|    explained_variance   | -0.0265     |
|    learning_rate        | 0.000141    |
|    loss                 | 407         |
|    n_updates            | 40          |
|    policy_gradient_loss | -0.00808    |
|    value_loss           | 670         |
-----------------------------------------
Incumbent configuration: {'discount_factor': 0.9264209735859186, 'learning_rate': 0.0007272673426083851, 'max_timesteps': 1967.5709353759885}
Incumbent cost: 122.03796667072075
