Using cpu device
Wrapping the env with a `Monitor` wrapper
Wrapping the env in a DummyVecEnv.
---------------------------------
| rollout/           |          |
|    ep_len_mean     | 99.8     |
|    ep_rew_mean     | -160     |
| time/              |          |
|    fps             | 2827     |
|    iterations      | 1        |
|    time_elapsed    | 0        |
|    total_timesteps | 2048     |
---------------------------------
------------------------------------------
| rollout/                |              |
|    ep_len_mean          | 95.5         |
|    ep_rew_mean          | -166         |
| time/                   |              |
|    fps                  | 1961         |
|    iterations           | 2            |
|    time_elapsed         | 2            |
|    total_timesteps      | 4096         |
| train/                  |              |
|    approx_kl            | 6.916362e-05 |
|    clip_fraction        | 0            |
|    clip_range           | 0.2          |
|    entropy_loss         | -1.39        |
|    explained_variance   | 0.00147      |
|    learning_rate        | 2.1e-05      |
|    loss                 | 163          |
|    n_updates            | 10           |
|    policy_gradient_loss | -0.000533    |
|    value_loss           | 475          |
------------------------------------------
-----------------------------------------
| rollout/                |             |
|    ep_len_mean          | 92.3        |
|    ep_rew_mean          | -181        |
| time/                   |             |
|    fps                  | 1761        |
|    iterations           | 3           |
|    time_elapsed         | 3           |
|    total_timesteps      | 6144        |
| train/                  |             |
|    approx_kl            | 7.54646e-05 |
|    clip_fraction        | 0           |
|    clip_range           | 0.2         |
|    entropy_loss         | -1.39       |
|    explained_variance   | 0.00772     |
|    learning_rate        | 2.1e-05     |
|    loss                 | 240         |
|    n_updates            | 20          |
|    policy_gradient_loss | -0.0004     |
|    value_loss           | 479         |
-----------------------------------------
------------------------------------------
| rollout/                |              |
|    ep_len_mean          | 92.5         |
|    ep_rew_mean          | -188         |
| time/                   |              |
|    fps                  | 1719         |
|    iterations           | 4            |
|    time_elapsed         | 4            |
|    total_timesteps      | 8192         |
| train/                  |              |
|    approx_kl            | 8.020751e-05 |
|    clip_fraction        | 0            |
|    clip_range           | 0.2          |
|    entropy_loss         | -1.39        |
|    explained_variance   | 0.00127      |
|    learning_rate        | 2.1e-05      |
|    loss                 | 234          |
|    n_updates            | 30           |
|    policy_gradient_loss | -0.000957    |
|    value_loss           | 699          |
------------------------------------------
-------------------------------------------
| rollout/                |               |
|    ep_len_mean          | 92.4          |
|    ep_rew_mean          | -188          |
| time/                   |               |
|    fps                  | 1684          |
|    iterations           | 5             |
|    time_elapsed         | 6             |
|    total_timesteps      | 10240         |
| train/                  |               |
|    approx_kl            | 1.6589533e-05 |
|    clip_fraction        | 0             |
|    clip_range           | 0.2           |
|    entropy_loss         | -1.39         |
|    explained_variance   | 0.00626       |
|    learning_rate        | 2.1e-05       |
|    loss                 | 251           |
|    n_updates            | 40            |
|    policy_gradient_loss | -0.000199     |
|    value_loss           | 584           |
-------------------------------------------
-------------------------------------------
| rollout/                |               |
|    ep_len_mean          | 93.9          |
|    ep_rew_mean          | -211          |
| time/                   |               |
|    fps                  | 1657          |
|    iterations           | 6             |
|    time_elapsed         | 7             |
|    total_timesteps      | 12288         |
| train/                  |               |
|    approx_kl            | 0.00011250729 |
|    clip_fraction        | 0             |
|    clip_range           | 0.2           |
|    entropy_loss         | -1.39         |
|    explained_variance   | -0.0125       |
|    learning_rate        | 2.1e-05       |
|    loss                 | 148           |
|    n_updates            | 50            |
|    policy_gradient_loss | -0.000967     |
|    value_loss           | 632           |
-------------------------------------------
-------------------------------------------
| rollout/                |               |
|    ep_len_mean          | 95.6          |
|    ep_rew_mean          | -213          |
| time/                   |               |
|    fps                  | 1644          |
|    iterations           | 7             |
|    time_elapsed         | 8             |
|    total_timesteps      | 14336         |
| train/                  |               |
|    approx_kl            | 4.3326552e-05 |
|    clip_fraction        | 0             |
|    clip_range           | 0.2           |
|    entropy_loss         | -1.39         |
|    explained_variance   | 0.00667       |
|    learning_rate        | 2.1e-05       |
|    loss                 | 242           |
|    n_updates            | 60            |
|    policy_gradient_loss | -0.000496     |
|    value_loss           | 529           |
-------------------------------------------
############# Validation
Using cpu device
Wrapping the env with a `Monitor` wrapper
Wrapping the env in a DummyVecEnv.
---------------------------------
| rollout/           |          |
|    ep_len_mean     | 92       |
|    ep_rew_mean     | -210     |
| time/              |          |
|    fps             | 2864     |
|    iterations      | 1        |
|    time_elapsed    | 0        |
|    total_timesteps | 2048     |
---------------------------------
-------------------------------------------
| rollout/                |               |
|    ep_len_mean          | 90.3          |
|    ep_rew_mean          | -197          |
| time/                   |               |
|    fps                  | 2082          |
|    iterations           | 2             |
|    time_elapsed         | 1             |
|    total_timesteps      | 4096          |
| train/                  |               |
|    approx_kl            | 5.4338074e-05 |
|    clip_fraction        | 0             |
|    clip_range           | 0.2           |
|    entropy_loss         | -1.39         |
|    explained_variance   | -0.00286      |
|    learning_rate        | 2.1e-05       |
|    loss                 | 496           |
|    n_updates            | 10            |
|    policy_gradient_loss | -0.000298     |
|    value_loss           | 619           |
-------------------------------------------
-------------------------------------------
| rollout/                |               |
|    ep_len_mean          | 90.6          |
|    ep_rew_mean          | -194          |
| time/                   |               |
|    fps                  | 1906          |
|    iterations           | 3             |
|    time_elapsed         | 3             |
|    total_timesteps      | 6144          |
| train/                  |               |
|    approx_kl            | 7.4849406e-05 |
|    clip_fraction        | 0             |
|    clip_range           | 0.2           |
|    entropy_loss         | -1.39         |
|    explained_variance   | -0.00931      |
|    learning_rate        | 2.1e-05       |
|    loss                 | 172           |
|    n_updates            | 20            |
|    policy_gradient_loss | -0.000617     |
|    value_loss           | 608           |
-------------------------------------------
-------------------------------------------
| rollout/                |               |
|    ep_len_mean          | 89.6          |
|    ep_rew_mean          | -194          |
| time/                   |               |
|    fps                  | 1826          |
|    iterations           | 4             |
|    time_elapsed         | 4             |
|    total_timesteps      | 8192          |
| train/                  |               |
|    approx_kl            | 0.00010281877 |
|    clip_fraction        | 0             |
|    clip_range           | 0.2           |
|    entropy_loss         | -1.39         |
|    explained_variance   | -0.00639      |
|    learning_rate        | 2.1e-05       |
|    loss                 | 339           |
|    n_updates            | 30            |
|    policy_gradient_loss | -0.000706     |
|    value_loss           | 551           |
-------------------------------------------
------------------------------------------
| rollout/                |              |
|    ep_len_mean          | 89.2         |
|    ep_rew_mean          | -188         |
| time/                   |              |
|    fps                  | 1780         |
|    iterations           | 5            |
|    time_elapsed         | 5            |
|    total_timesteps      | 10240        |
| train/                  |              |
|    approx_kl            | 4.092476e-05 |
|    clip_fraction        | 0            |
|    clip_range           | 0.2          |
|    entropy_loss         | -1.39        |
|    explained_variance   | -0.00194     |
|    learning_rate        | 2.1e-05      |
|    loss                 | 250          |
|    n_updates            | 40           |
|    policy_gradient_loss | -0.000396    |
|    value_loss           | 569          |
------------------------------------------
------------------------------------------
| rollout/                |              |
|    ep_len_mean          | 89.4         |
|    ep_rew_mean          | -182         |
| time/                   |              |
|    fps                  | 1751         |
|    iterations           | 6            |
|    time_elapsed         | 7            |
|    total_timesteps      | 12288        |
| train/                  |              |
|    approx_kl            | 7.484271e-05 |
|    clip_fraction        | 0            |
|    clip_range           | 0.2          |
|    entropy_loss         | -1.39        |
|    explained_variance   | -0.0264      |
|    learning_rate        | 2.1e-05      |
|    loss                 | 185          |
|    n_updates            | 50           |
|    policy_gradient_loss | -0.0007      |
|    value_loss           | 663          |
------------------------------------------
------------------------------------------
| rollout/                |              |
|    ep_len_mean          | 90.5         |
|    ep_rew_mean          | -191         |
| time/                   |              |
|    fps                  | 1741         |
|    iterations           | 7            |
|    time_elapsed         | 8            |
|    total_timesteps      | 14336        |
| train/                  |              |
|    approx_kl            | 0.0001513738 |
|    clip_fraction        | 0            |
|    clip_range           | 0.2          |
|    entropy_loss         | -1.39        |
|    explained_variance   | -0.0123      |
|    learning_rate        | 2.1e-05      |
|    loss                 | 168          |
|    n_updates            | 60           |
|    policy_gradient_loss | -0.000713    |
|    value_loss           | 505          |
------------------------------------------
