Start training time: 2024-02-18 12:06:36
Using cpu device
Wrapping the env with a `Monitor` wrapper
Wrapping the env in a DummyVecEnv.
---------------------------------
| rollout/           |          |
|    ep_len_mean     | 21.3     |
|    ep_rew_mean     | 21.3     |
| time/              |          |
|    fps             | 3240     |
|    iterations      | 1        |
|    time_elapsed    | 0        |
|    total_timesteps | 2048     |
---------------------------------
---------------------------------
| rollout/           |          |
|    ep_len_mean     | 25.5     |
|    ep_rew_mean     | 25.5     |
| time/              |          |
|    fps             | 2563     |
|    iterations      | 1        |
|    time_elapsed    | 0        |
|    total_timesteps | 2048     |
---------------------------------
---------------------------------
| rollout/           |          |
|    ep_len_mean     | 27       |
|    ep_rew_mean     | 27       |
| time/              |          |
|    fps             | 2329     |
|    iterations      | 1        |
|    time_elapsed    | 0        |
|    total_timesteps | 2048     |
---------------------------------
---------------------------------
| rollout/           |          |
|    ep_len_mean     | 28.7     |
|    ep_rew_mean     | 28.7     |
| time/              |          |
|    fps             | 2619     |
|    iterations      | 1        |
|    time_elapsed    | 0        |
|    total_timesteps | 2048     |
---------------------------------
---------------------------------
| rollout/           |          |
|    ep_len_mean     | 32       |
|    ep_rew_mean     | 32       |
| time/              |          |
|    fps             | 3010     |
|    iterations      | 1        |
|    time_elapsed    | 0        |
|    total_timesteps | 2048     |
---------------------------------
---------------------------------
| rollout/           |          |
|    ep_len_mean     | 37.8     |
|    ep_rew_mean     | 37.8     |
| time/              |          |
|    fps             | 2874     |
|    iterations      | 1        |
|    time_elapsed    | 0        |
|    total_timesteps | 2048     |
---------------------------------
---------------------------------
| rollout/           |          |
|    ep_len_mean     | 37.6     |
|    ep_rew_mean     | 37.6     |
| time/              |          |
|    fps             | 2756     |
|    iterations      | 1        |
|    time_elapsed    | 0        |
|    total_timesteps | 2048     |
---------------------------------
---------------------------------
| rollout/           |          |
|    ep_len_mean     | 43.8     |
|    ep_rew_mean     | 43.8     |
| time/              |          |
|    fps             | 3001     |
|    iterations      | 1        |
|    time_elapsed    | 0        |
|    total_timesteps | 2048     |
---------------------------------
---------------------------------
| rollout/           |          |
|    ep_len_mean     | 47.8     |
|    ep_rew_mean     | 47.8     |
| time/              |          |
|    fps             | 2913     |
|    iterations      | 1        |
|    time_elapsed    | 0        |
|    total_timesteps | 2048     |
---------------------------------
---------------------------------
| rollout/           |          |
|    ep_len_mean     | 56.7     |
|    ep_rew_mean     | 56.7     |
| time/              |          |
|    fps             | 2887     |
|    iterations      | 1        |
|    time_elapsed    | 0        |
|    total_timesteps | 2048     |
---------------------------------
---------------------------------
| rollout/           |          |
|    ep_len_mean     | 63.1     |
|    ep_rew_mean     | 63.1     |
| time/              |          |
|    fps             | 2865     |
|    iterations      | 1        |
|    time_elapsed    | 0        |
|    total_timesteps | 2048     |
---------------------------------
---------------------------------
| rollout/           |          |
|    ep_len_mean     | 76.5     |
|    ep_rew_mean     | 76.5     |
| time/              |          |
|    fps             | 2957     |
|    iterations      | 1        |
|    time_elapsed    | 0        |
|    total_timesteps | 2048     |
---------------------------------
---------------------------------
| rollout/           |          |
|    ep_len_mean     | 65.5     |
|    ep_rew_mean     | 65.5     |
| time/              |          |
|    fps             | 3017     |
|    iterations      | 1        |
|    time_elapsed    | 0        |
|    total_timesteps | 2048     |
---------------------------------
---------------------------------
| rollout/           |          |
|    ep_len_mean     | 70.9     |
|    ep_rew_mean     | 70.9     |
| time/              |          |
|    fps             | 3248     |
|    iterations      | 1        |
|    time_elapsed    | 0        |
|    total_timesteps | 2048     |
---------------------------------
---------------------------------
| rollout/           |          |
|    ep_len_mean     | 87.9     |
|    ep_rew_mean     | 87.9     |
| time/              |          |
|    fps             | 3194     |
|    iterations      | 1        |
|    time_elapsed    | 0        |
|    total_timesteps | 2048     |
---------------------------------
