Using cpu device
Wrapping the env with a `Monitor` wrapper
Wrapping the env in a DummyVecEnv.
---------------------------------
| rollout/           |          |
|    ep_len_mean     | 88.9     |
|    ep_rew_mean     | -197     |
| time/              |          |
|    fps             | 2808     |
|    iterations      | 1        |
|    time_elapsed    | 0        |
|    total_timesteps | 2048     |
---------------------------------
-------------------------------------------
| rollout/                |               |
|    ep_len_mean          | 92.5          |
|    ep_rew_mean          | -176          |
| time/                   |               |
|    fps                  | 2076          |
|    iterations           | 2             |
|    time_elapsed         | 1             |
|    total_timesteps      | 4096          |
| train/                  |               |
|    approx_kl            | 0.00017336666 |
|    clip_fraction        | 0             |
|    clip_range           | 0.2           |
|    entropy_loss         | -1.39         |
|    explained_variance   | 0.00244       |
|    learning_rate        | 2.1e-05       |
|    loss                 | 260           |
|    n_updates            | 10            |
|    policy_gradient_loss | -0.00117      |
|    value_loss           | 579           |
-------------------------------------------
-------------------------------------------
| rollout/                |               |
|    ep_len_mean          | 92.3          |
|    ep_rew_mean          | -169          |
| time/                   |               |
|    fps                  | 1894          |
|    iterations           | 3             |
|    time_elapsed         | 3             |
|    total_timesteps      | 6144          |
| train/                  |               |
|    approx_kl            | 0.00021896939 |
|    clip_fraction        | 0             |
|    clip_range           | 0.2           |
|    entropy_loss         | -1.39         |
|    explained_variance   | -0.00158      |
|    learning_rate        | 2.1e-05       |
|    loss                 | 189           |
|    n_updates            | 20            |
|    policy_gradient_loss | -0.00121      |
|    value_loss           | 536           |
-------------------------------------------
-------------------------------------------
| rollout/                |               |
|    ep_len_mean          | 94.1          |
|    ep_rew_mean          | -172          |
| time/                   |               |
|    fps                  | 1813          |
|    iterations           | 4             |
|    time_elapsed         | 4             |
|    total_timesteps      | 8192          |
| train/                  |               |
|    approx_kl            | 0.00018381275 |
|    clip_fraction        | 0             |
|    clip_range           | 0.2           |
|    entropy_loss         | -1.39         |
|    explained_variance   | -0.009        |
|    learning_rate        | 2.1e-05       |
|    loss                 | 193           |
|    n_updates            | 30            |
|    policy_gradient_loss | -0.000963     |
|    value_loss           | 504           |
-------------------------------------------
------------------------------------------
| rollout/                |              |
|    ep_len_mean          | 95           |
|    ep_rew_mean          | -170         |
| time/                   |              |
|    fps                  | 1782         |
|    iterations           | 5            |
|    time_elapsed         | 5            |
|    total_timesteps      | 10240        |
| train/                  |              |
|    approx_kl            | 5.659007e-05 |
|    clip_fraction        | 0            |
|    clip_range           | 0.2          |
|    entropy_loss         | -1.39        |
|    explained_variance   | -0.00567     |
|    learning_rate        | 2.1e-05      |
|    loss                 | 129          |
|    n_updates            | 40           |
|    policy_gradient_loss | -0.000744    |
|    value_loss           | 438          |
------------------------------------------
-------------------------------------------
| rollout/                |               |
|    ep_len_mean          | 97.9          |
|    ep_rew_mean          | -172          |
| time/                   |               |
|    fps                  | 1766          |
|    iterations           | 6             |
|    time_elapsed         | 6             |
|    total_timesteps      | 12288         |
| train/                  |               |
|    approx_kl            | 0.00013283698 |
|    clip_fraction        | 0             |
|    clip_range           | 0.2           |
|    entropy_loss         | -1.38         |
|    explained_variance   | -0.00303      |
|    learning_rate        | 2.1e-05       |
|    loss                 | 331           |
|    n_updates            | 50            |
|    policy_gradient_loss | -0.00078      |
|    value_loss           | 440           |
-------------------------------------------
-----------------------------------------
| rollout/                |             |
|    ep_len_mean          | 98.5        |
|    ep_rew_mean          | -185        |
| time/                   |             |
|    fps                  | 1750        |
|    iterations           | 7           |
|    time_elapsed         | 8           |
|    total_timesteps      | 14336       |
| train/                  |             |
|    approx_kl            | 0.000128899 |
|    clip_fraction        | 0           |
|    clip_range           | 0.2         |
|    entropy_loss         | -1.38       |
|    explained_variance   | -0.000772   |
|    learning_rate        | 2.1e-05     |
|    loss                 | 237         |
|    n_updates            | 60          |
|    policy_gradient_loss | -0.00124    |
|    value_loss           | 519         |
-----------------------------------------
############# Validation
Using cpu device
Wrapping the env with a `Monitor` wrapper
Wrapping the env in a DummyVecEnv.
---------------------------------
| rollout/           |          |
|    ep_len_mean     | 94.1     |
|    ep_rew_mean     | -217     |
| time/              |          |
|    fps             | 2970     |
|    iterations      | 1        |
|    time_elapsed    | 0        |
|    total_timesteps | 2048     |
---------------------------------
------------------------------------------
| rollout/                |              |
|    ep_len_mean          | 99.2         |
|    ep_rew_mean          | -200         |
| time/                   |              |
|    fps                  | 2150         |
|    iterations           | 2            |
|    time_elapsed         | 1            |
|    total_timesteps      | 4096         |
| train/                  |              |
|    approx_kl            | 9.079362e-05 |
|    clip_fraction        | 0            |
|    clip_range           | 0.2          |
|    entropy_loss         | -1.39        |
|    explained_variance   | 0.00345      |
|    learning_rate        | 2.1e-05      |
|    loss                 | 309          |
|    n_updates            | 10           |
|    policy_gradient_loss | -0.000681    |
|    value_loss           | 604          |
------------------------------------------
-------------------------------------------
| rollout/                |               |
|    ep_len_mean          | 102           |
|    ep_rew_mean          | -211          |
| time/                   |               |
|    fps                  | 1941          |
|    iterations           | 3             |
|    time_elapsed         | 3             |
|    total_timesteps      | 6144          |
| train/                  |               |
|    approx_kl            | 0.00013752529 |
|    clip_fraction        | 0             |
|    clip_range           | 0.2           |
|    entropy_loss         | -1.39         |
|    explained_variance   | 0.00245       |
|    learning_rate        | 2.1e-05       |
|    loss                 | 291           |
|    n_updates            | 20            |
|    policy_gradient_loss | -0.000861     |
|    value_loss           | 558           |
-------------------------------------------
-------------------------------------------
| rollout/                |               |
|    ep_len_mean          | 101           |
|    ep_rew_mean          | -210          |
| time/                   |               |
|    fps                  | 1867          |
|    iterations           | 4             |
|    time_elapsed         | 4             |
|    total_timesteps      | 8192          |
| train/                  |               |
|    approx_kl            | 3.4404045e-05 |
|    clip_fraction        | 0             |
|    clip_range           | 0.2           |
|    entropy_loss         | -1.39         |
|    explained_variance   | -0.0172       |
|    learning_rate        | 2.1e-05       |
|    loss                 | 350           |
|    n_updates            | 30            |
|    policy_gradient_loss | -0.000451     |
|    value_loss           | 799           |
-------------------------------------------
------------------------------------------
| rollout/                |              |
|    ep_len_mean          | 108          |
|    ep_rew_mean          | -200         |
| time/                   |              |
|    fps                  | 1825         |
|    iterations           | 5            |
|    time_elapsed         | 5            |
|    total_timesteps      | 10240        |
| train/                  |              |
|    approx_kl            | 6.154459e-05 |
|    clip_fraction        | 0            |
|    clip_range           | 0.2          |
|    entropy_loss         | -1.39        |
|    explained_variance   | -0.00435     |
|    learning_rate        | 2.1e-05      |
|    loss                 | 145          |
|    n_updates            | 40           |
|    policy_gradient_loss | -0.000726    |
|    value_loss           | 567          |
------------------------------------------
-------------------------------------------
| rollout/                |               |
|    ep_len_mean          | 108           |
|    ep_rew_mean          | -197          |
| time/                   |               |
|    fps                  | 1776          |
|    iterations           | 6             |
|    time_elapsed         | 6             |
|    total_timesteps      | 12288         |
| train/                  |               |
|    approx_kl            | 0.00016499712 |
|    clip_fraction        | 0             |
|    clip_range           | 0.2           |
|    entropy_loss         | -1.39         |
|    explained_variance   | 0.021         |
|    learning_rate        | 2.1e-05       |
|    loss                 | 119           |
|    n_updates            | 50            |
|    policy_gradient_loss | -0.00112      |
|    value_loss           | 366           |
-------------------------------------------
-------------------------------------------
| rollout/                |               |
|    ep_len_mean          | 105           |
|    ep_rew_mean          | -196          |
| time/                   |               |
|    fps                  | 1724          |
|    iterations           | 7             |
|    time_elapsed         | 8             |
|    total_timesteps      | 14336         |
| train/                  |               |
|    approx_kl            | 3.6334706e-05 |
|    clip_fraction        | 0             |
|    clip_range           | 0.2           |
|    entropy_loss         | -1.39         |
|    explained_variance   | -0.00843      |
|    learning_rate        | 2.1e-05       |
|    loss                 | 292           |
|    n_updates            | 60            |
|    policy_gradient_loss | -0.00029      |
|    value_loss           | 592           |
-------------------------------------------
